=== runner v3 start === 116 PDFs queued, concurrency=5, max_pages=None, model=mimo-v2.5, prompt=v3.1-uap-archive
START 059uap00011.pdf (5 pages)
START 059uap00012.pdf (5 pages)
START 059uap00013.pdf (7 pages)
START 18_100754_general_1946-7_vol_2.pdf (28 pages)
START 18_6369445_general_1948_vol_1.pdf (28 pages)
DONE  059uap00012.pdf 5 pages in 0.1s
DONE  059uap00011.pdf 5 pages in 0.1s
DONE  059uap00013.pdf 7 pages in 0.0s
START 2024-04-30-composite-sketch.pdf (1 pages)
START 255_413270_ufo's_and_defense_what_should_we_prepare_for.pdf (94 pages)
START 255_t_763_r1b_transcripts.pdf (4 pages)
DONE  2024-04-30-composite-sketch.pdf 1 pages in 0.0s
START 331_120752_numeric_files_1944–1945_37153_german_armament_equipment_documents.pdf (17 pages)
DONE  255_t_763_r1b_transcripts.pdf 4 pages in 0.0s
START 341_110448_records_relating_to_the_collection_and_dissemination_of_intelligence_1948-1955-ts_cont_no.2_2-5300-2-5399.pdf (7 pages)
DONE  341_110448_records_relating_to_the_collection_and_dissemination_of_intelligence_1948-1955-ts_cont_no.2_2-5300-2-5399.pdf 7 pages in 0.0s
DONE  331_120752_numeric_files_1944–1945_37153_german_armament_equipment_documents.pdf 17 pages in 0.2s
START 341_110677_numerical_file_5-2500.pdf (10 pages)
DONE  18_6369445_general_1948_vol_1.pdf 28 pages in 0.4s
START 342_hs1-416511228_box186_319.1-flying-discs-1949.pdf (143 pages)
DONE  255_413270_ufo's_and_defense_what_should_we_prepare_for.pdf 94 pages in 0.4s
START 38_143685_box7_incident_summaries_1-100.pdf (209 pages)
DONE  18_100754_general_1946-7_vol_2.pdf 28 pages in 0.6s
START 38_143685_box7_incident_summaries_101-172.pdf (178 pages)
START 38_143685_box7_incident_summaries_173-233.pdf (144 pages)
DONE  341_110677_numerical_file_5-2500.pdf 10 pages in 0.5s
START 59_214434_sp_16_19630718.pdf (6 pages)
DONE  38_143685_box7_incident_summaries_173-233.pdf 144 pages in 0.2s
DONE  59_214434_sp_16_19630718.pdf 6 pages in 0.2s
START 59_214434_sp_16_7.18.1963.pdf (6 pages)
START 65_HS1-834228961_62-HQ-83894_Serial_153.pdf (9 pages)
DONE  59_214434_sp_16_7.18.1963.pdf 6 pages in 0.1s
DONE  65_HS1-834228961_62-HQ-83894_Serial_153.pdf 9 pages in 0.0s
START 65_hs1-101634279_100-de-18221_serial_844.pdf (1 pages)
DONE  342_hs1-416511228_box186_319.1-flying-discs-1949.pdf 143 pages in 0.5s
DONE  65_hs1-101634279_100-de-18221_serial_844.pdf 1 pages in 0.0s
START 65_hs1-101634279_100-de-26505.pdf (15 pages)
START 65_hs1-834228961_62-hq-83894_section_1.pdf (185 pages)
START 65_hs1-834228961_62-hq-83894_section_10.pdf (184 pages)
DONE  65_hs1-101634279_100-de-26505.pdf 15 pages in 0.2s
START 65_hs1-834228961_62-hq-83894_section_2.pdf (194 pages)
DONE  38_143685_box7_incident_summaries_101-172.pdf 178 pages in 0.3s
DONE  38_143685_box7_incident_summaries_1-100.pdf 209 pages in 0.5s
START 65_hs1-834228961_62-hq-83894_section_3.pdf (190 pages)
DONE  65_hs1-834228961_62-hq-83894_section_10.pdf 184 pages in 0.1s
START 65_hs1-834228961_62-hq-83894_section_4.pdf (214 pages)
DONE  65_hs1-834228961_62-hq-83894_section_1.pdf 185 pages in 0.1s
START 65_hs1-834228961_62-hq-83894_section_5.pdf (209 pages)
START 65_hs1-834228961_62-hq-83894_section_6.pdf (271 pages)
DONE  65_hs1-834228961_62-hq-83894_section_5.pdf 209 pages in 1.1s
START 65_hs1-834228961_62-hq-83894_section_7.pdf (205 pages)
DONE  65_hs1-834228961_62-hq-83894_section_4.pdf 214 pages in 1.2s
START 65_hs1-834228961_62-hq-83894_section_8.pdf (217 pages)
DONE  65_hs1-834228961_62-hq-83894_section_7.pdf 205 pages in 0.7s
START 65_hs1-834228961_62-hq-83894_section_9.pdf (290 pages)
DONE  65_hs1-834228961_62-hq-83894_section_2.pdf 194 pages in 18.5s
START 65_hs1-834228961_62-hq-83894_serial_130.pdf (126 pages)
DONE  65_hs1-834228961_62-hq-83894_section_8.pdf 217 pages in 23.8s
START 65_hs1-834228961_62-hq-83894_serial_164.pdf (137 pages)
DONE  65_hs1-834228961_62-hq-83894_serial_164.pdf 137 pages in 0.1s
START 65_hs1-834228961_62-hq-83894_serial_220.pdf (15 pages)
DONE  65_hs1-834228961_62-hq-83894_serial_220.pdf 15 pages in 0.0s
START 65_hs1-834228961_62-hq-83894_serial_403.pdf (3 pages)
DONE  65_hs1-834228961_62-hq-83894_serial_403.pdf 3 pages in 0.0s
START 65_hs1-834228961_62-hq-83894_serial_438.pdf (40 pages)
DONE  65_hs1-834228961_62-hq-83894_serial_438.pdf 40 pages in 0.0s
START 65_hs1-834228961_62-hq-83894_serial_449.pdf (18 pages)
DONE  65_hs1-834228961_62-hq-83894_serial_449.pdf 18 pages in 0.0s
START 65_hs1-834228961_62-hq-83894_sub_a.pdf (124 pages)
DONE  65_hs1-834228961_62-hq-83894_sub_a.pdf 124 pages in 0.0s
START dos-uap-d1-cable-1-papua-new-guinea-january-1985.pdf (3 pages)
DONE  dos-uap-d1-cable-1-papua-new-guinea-january-1985.pdf 3 pages in 19.3s
START dos-uap-d2-cable-2-kazakhstan-january-1994.pdf (3 pages)
DONE  dos-uap-d2-cable-2-kazakhstan-january-1994.pdf 3 pages in 21.6s
START dow-uap-d10-mission-report-middle-east-may-2022.pdf (6 pages)
DONE  dow-uap-d10-mission-report-middle-east-may-2022.pdf 6 pages in 0.0s
START dow-uap-d12-mission-report-iraq-may-2022.pdf (6 pages)
DONE  dow-uap-d12-mission-report-iraq-may-2022.pdf 6 pages in 0.0s
START dow-uap-d14-mission-report-iraq-may-2022.pdf (9 pages)
DONE  dow-uap-d14-mission-report-iraq-may-2022.pdf 9 pages in 0.0s
START dow-uap-d16-mission-report-syria-july-2022.pdf (7 pages)
DONE  dow-uap-d16-mission-report-syria-july-2022.pdf 7 pages in 0.0s
START dow-uap-d18-mission-report-iraq-december-2022.pdf (6 pages)
DONE  dow-uap-d18-mission-report-iraq-december-2022.pdf 6 pages in 0.0s
START dow-uap-d19-mission-report-syria-february-21-2023.pdf (10 pages)
DONE  dow-uap-d19-mission-report-syria-february-21-2023.pdf 10 pages in 0.0s
START dow-uap-d20-mission-report-southern-united-states-2023.pdf (6 pages)
DONE  dow-uap-d20-mission-report-southern-united-states-2023.pdf 6 pages in 0.0s
START dow-uap-d23-mission-report-united-arab-emirates-october-2023.pdf (9 pages)
DONE  dow-uap-d23-mission-report-united-arab-emirates-october-2023.pdf 9 pages in 0.0s
START dow-uap-d25-mission-report-greece-january-2024.pdf (7 pages)
DONE  dow-uap-d25-mission-report-greece-january-2024.pdf 7 pages in 0.0s
START dow-uap-d27-mission-report-united-arab-emirates-october-2023.pdf (8 pages)
DONE  dow-uap-d27-mission-report-united-arab-emirates-october-2023.pdf 8 pages in 0.2s
START dow-uap-d28-mission-report-east-china-sea-2024.pdf (6 pages)
DONE  dow-uap-d28-mission-report-east-china-sea-2024.pdf 6 pages in 0.0s
START dow-uap-d3-mission-report-arabian-gulf-2020.pdf (7 pages)
DONE  dow-uap-d3-mission-report-arabian-gulf-2020.pdf 7 pages in 0.0s
START dow-uap-d32-mission-report,-syria-october-2024.pdf (10 pages)
DONE  dow-uap-d32-mission-report,-syria-october-2024.pdf 10 pages in 0.0s
START dow-uap-d33-mission-report-greece-october-2023.pdf (7 pages)
DONE  dow-uap-d33-mission-report-greece-october-2023.pdf 7 pages in 0.0s
START dow-uap-d35-mission-report-greece-october-2023.pdf (7 pages)
DONE  dow-uap-d35-mission-report-greece-october-2023.pdf 7 pages in 0.0s
START dow-uap-d38-range-fouler-debrief-middle-east-may-2020.pdf (1 pages)
DONE  dow-uap-d38-range-fouler-debrief-middle-east-may-2020.pdf 1 pages in 0.0s
START dow-uap-d4-mission-report-arabian-gulf-2020.pdf (5 pages)
DONE  dow-uap-d4-mission-report-arabian-gulf-2020.pdf 5 pages in 0.0s
START dow-uap-d42-range-fouler-debrief-japan-2023.pdf (1 pages)
DONE  dow-uap-d42-range-fouler-debrief-japan-2023.pdf 1 pages in 0.0s
START dow-uap-d44-range-fouler-arabian-sea-october-2020.pdf (1 pages)
DONE  dow-uap-d44-range-fouler-arabian-sea-october-2020.pdf 1 pages in 0.0s
START dow-uap-d48-report-september-1996.pdf (181 pages)
DONE  dow-uap-d48-report-september-1996.pdf 181 pages in 0.2s
START dow-uap-d49-launch-summary-february-2000.pdf (113 pages)
DONE  65_hs1-834228961_62-hq-83894_section_3.pdf 190 pages in 74.4s
START dow-uap-d5-mission-report-arabian-gulf-2020.pdf (6 pages)
DONE  dow-uap-d5-mission-report-arabian-gulf-2020.pdf 6 pages in 0.0s
START dow-uap-d50-email-correspondence-indopacom-april-2025.pdf (2 pages)
DONE  dow-uap-d50-email-correspondence-indopacom-april-2025.pdf 2 pages in 0.0s
START dow-uap-d51-email-correspondence-pacific-time-zone-march-2023.pdf (6 pages)
DONE  dow-uap-d51-email-correspondence-pacific-time-zone-march-2023.pdf 6 pages in 0.2s
START dow-uap-d52-email-correspondance-na-august-2024.pdf (2 pages)
DONE  dow-uap-d52-email-correspondance-na-august-2024.pdf 2 pages in 0.0s
START dow-uap-d54-mission-report-mediterranean-sea-na.pdf (7 pages)
DONE  dow-uap-d54-mission-report-mediterranean-sea-na.pdf 7 pages in 0.0s
START dow-uap-d55-mission-report-syria-november-2016.pdf (1 pages)
DONE  dow-uap-d55-mission-report-syria-november-2016.pdf 1 pages in 0.0s
START dow-uap-d56-range-fouler-debrief-arabian-sea-august-2020.pdf (1 pages)
DONE  dow-uap-d56-range-fouler-debrief-arabian-sea-august-2020.pdf 1 pages in 0.0s
START dow-uap-d57-mission-report-gulf-of-aden-september-2020.pdf (1 pages)
DONE  dow-uap-d57-mission-report-gulf-of-aden-september-2020.pdf 1 pages in 0.0s
START dow-uap-d58-range-fouler-debrief-na-october-2020.pdf (1 pages)
DONE  dow-uap-d58-range-fouler-debrief-na-october-2020.pdf 1 pages in 0.0s
DONE  dow-uap-d49-launch-summary-february-2000.pdf 113 pages in 1.7s
START dow-uap-d60-mission-report-persian-gulf-august-2020.pdf (6 pages)
START dow-uap-d6-mission-report-arabian-gulf-2020.pdf (7 pages)
DONE  dow-uap-d60-mission-report-persian-gulf-august-2020.pdf 6 pages in 0.2s
START dow-uap-d61-mission-report-persian-gulf-august-2020.pdf (7 pages)
DONE  dow-uap-d61-mission-report-persian-gulf-august-2020.pdf 7 pages in 0.0s
START dow-uap-d62-mission-report-strait-of-hormuz-september-2020.pdf (9 pages)
DONE  dow-uap-d62-mission-report-strait-of-hormuz-september-2020.pdf 9 pages in 0.0s
START dow-uap-d63-mission-report-strait-of-hormuz-october-2020.pdf (8 pages)
DONE  dow-uap-d63-mission-report-strait-of-hormuz-october-2020.pdf 8 pages in 0.0s
START dow-uap-d64-mission-report-iran-november-2020.pdf (7 pages)
DONE  dow-uap-d64-mission-report-iran-november-2020.pdf 7 pages in 0.0s
START dow-uap-d65-mission-report-persian-gulf-july-2020.pdf (8 pages)
DONE  dow-uap-d65-mission-report-persian-gulf-july-2020.pdf 8 pages in 0.0s
START dow-uap-d7-mission-report-arabian-gulf-2020.pdf (6 pages)
DONE  dow-uap-d7-mission-report-arabian-gulf-2020.pdf 6 pages in 7.9s
START dow-uap-d74-mission-report-syria-november-2023.pdf (10 pages)
DONE  dow-uap-d74-mission-report-syria-november-2023.pdf 10 pages in 0.0s
START dow-uap-d75-mission-report-gulf-of-aden-july-2024.pdf (8 pages)
DONE  dow-uap-d75-mission-report-gulf-of-aden-july-2024.pdf 8 pages in 0.0s
START dow-uap-d8-mission-report-djibouti-2025.pdf (7 pages)
DONE  dow-uap-d8-mission-report-djibouti-2025.pdf 7 pages in 0.0s
START dow-uap-pr20.pdf (1 pages)
DONE  dow-uap-pr20.pdf 1 pages in 0.0s
START fbi-photo-b1.pdf (1 pages)
DONE  fbi-photo-b1.pdf 1 pages in 0.0s
START fbi-photo-b10.pdf (1 pages)
DONE  fbi-photo-b10.pdf 1 pages in 0.0s
START fbi-photo-b11.pdf (1 pages)
DONE  fbi-photo-b11.pdf 1 pages in 0.0s
START fbi-photo-b12.pdf (1 pages)
DONE  fbi-photo-b12.pdf 1 pages in 0.0s
START fbi-photo-b13.pdf (1 pages)
DONE  fbi-photo-b13.pdf 1 pages in 0.0s
START fbi-photo-b14.pdf (1 pages)
DONE  fbi-photo-b14.pdf 1 pages in 0.0s
START fbi-photo-b15.pdf (1 pages)
DONE  dow-uap-d6-mission-report-arabian-gulf-2020.pdf 7 pages in 11.0s
DONE  fbi-photo-b15.pdf 1 pages in 0.0s
START fbi-photo-b16.pdf (1 pages)
START fbi-photo-b17.pdf (1 pages)
DONE  fbi-photo-b17.pdf 1 pages in 0.0s
DONE  fbi-photo-b16.pdf 1 pages in 0.0s
START fbi-photo-b18.pdf (1 pages)
START fbi-photo-b19.pdf (1 pages)
DONE  fbi-photo-b18.pdf 1 pages in 0.0s
DONE  fbi-photo-b19.pdf 1 pages in 0.0s
START fbi-photo-b2.pdf (1 pages)
START fbi-photo-b20.pdf (1 pages)
DONE  fbi-photo-b2.pdf 1 pages in 0.0s
DONE  fbi-photo-b20.pdf 1 pages in 0.0s
START fbi-photo-b21.pdf (1 pages)
START fbi-photo-b22.pdf (1 pages)
DONE  fbi-photo-b22.pdf 1 pages in 0.0s
DONE  fbi-photo-b21.pdf 1 pages in 0.0s
START fbi-photo-b23.pdf (1 pages)
START fbi-photo-b24.pdf (1 pages)
DONE  fbi-photo-b23.pdf 1 pages in 0.1s
DONE  fbi-photo-b24.pdf 1 pages in 0.0s
START fbi-photo-b4.pdf (1 pages)
START fbi-photo-b3.pdf (1 pages)
DONE  fbi-photo-b3.pdf 1 pages in 0.0s
DONE  fbi-photo-b4.pdf 1 pages in 0.0s
START fbi-photo-b5.pdf (1 pages)
START fbi-photo-b6.pdf (1 pages)
DONE  fbi-photo-b6.pdf 1 pages in 0.0s
DONE  fbi-photo-b5.pdf 1 pages in 0.0s
START fbi-photo-b7.pdf (1 pages)
START fbi-photo-b8.pdf (1 pages)
DONE  fbi-photo-b7.pdf 1 pages in 0.1s
DONE  fbi-photo-b8.pdf 1 pages in 0.0s
START fbi-photo-b9.pdf (1 pages)
START nasa-uap-d1-apollo-12-transcript-1969.pdf (4 pages)
DONE  fbi-photo-b9.pdf 1 pages in 0.0s
DONE  nasa-uap-d1-apollo-12-transcript-1969.pdf 4 pages in 0.0s
START nasa-uap-d2-apollo-17-transcript-1972.pdf (16 pages)
START nasa-uap-d4-apollo-11-technical-crew-debriefing-1969.pdf (11 pages)
DONE  nasa-uap-d2-apollo-17-transcript-1972.pdf 16 pages in 0.1s
START nasa-uap-d5-apollo-17-crew-debriefing-for-science-1973.pdf (3 pages)
DONE  nasa-uap-d5-apollo-17-crew-debriefing-for-science-1973.pdf 3 pages in 0.0s
DONE  nasa-uap-d4-apollo-11-technical-crew-debriefing-1969.pdf 11 pages in 0.0s
START nasa-uap-d6-apollo-17-technical-crew-debriefing-1973.pdf (2 pages)
DONE  nasa-uap-d6-apollo-17-technical-crew-debriefing-1973.pdf 2 pages in 0.0s
START nasa-uap-d7-skylab-technical-crew-debriefing-1973.pdf (11 pages)
START serial-3_redacted.pdf (2 pages)
DONE  serial-3_redacted.pdf 2 pages in 0.0s
START serial-4-redacted_redacted.pdf (2 pages)
DONE  serial-4-redacted_redacted.pdf 2 pages in 0.0s
START serial_5_redacted_redacted.pdf (2 pages)
DONE  serial_5_redacted_redacted.pdf 2 pages in 0.0s
START usper-statement-redacted.pdf (3 pages)
DONE  nasa-uap-d7-skylab-technical-crew-debriefing-1973.pdf 11 pages in 0.1s
START western_us_event_slides_5.08.2026.pdf (4 pages)
DONE  usper-statement-redacted.pdf 3 pages in 0.1s
DONE  western_us_event_slides_5.08.2026.pdf 4 pages in 0.1s
DONE  65_hs1-834228961_62-hq-83894_serial_130.pdf 126 pages in 390.4s
DONE  65_hs1-834228961_62-hq-83894_section_6.pdf 271 pages in 899.5s
DONE  65_hs1-834228961_62-hq-83894_section_9.pdf 290 pages in 1294.7s
=== runner done === 298 pages, 1,262,296 input + 125,836 output tokens, 1306s elapsed
